<?xml version="1.0" encoding="UTF-8" standalone="no"?>
<testsuite errors="0" failures="1" name="io.cucumber.core.plugin.JUnitFormatter" skipped="0" tests="3" time="12.936">
    <testcase classname="US1010 test failed olursa ScreenShot calismali." name="TC14 Amazon Test" time="5.04">
        <system-out>
            <![CDATA[When Kullanici "AmazonURL" sayfasina gider..................................passed
Then Basligin "Amazon" icerdigini test eder.................................passed
And Sayfayi kapatir.........................................................passed
]]>
        </system-out>
    </testcase>
    <testcase classname="US1010 test failed olursa ScreenShot calismali." name="TC15 Facebook Test" time="4.259">
        <system-out>
            <![CDATA[When Kullanici "FacebookURL" sayfasina gider................................passed
Then Basligin "Facebook" icerdigini test eder...............................passed
And Sayfayi kapatir.........................................................passed
]]>
        </system-out>
    </testcase>
    <testcase classname="US1010 test failed olursa ScreenShot calismali." name="TC14 Ebay Test" time="3.488">
        <failure message="" type="java.lang.AssertionError">
            <![CDATA[When Kullanici "EbayURL" sayfasina gider....................................passed
Then Basligin "Ebay" icerdigini test eder...................................failed
And Sayfayi kapatir.........................................................skipped

StackTrace:
java.lang.AssertionError
	at org.junit.Assert.fail(Assert.java:87)
	at org.junit.Assert.assertTrue(Assert.java:42)
	at org.junit.Assert.assertTrue(Assert.java:53)
	at stepdefinitions.AmazonStepDefinitions.basliginIcerdiginiTestEder(AmazonStepDefinitions.java:92)
	at âœ½.Basligin "Ebay" icerdigini test eder.(file:///C:/Users/ferha/IdeaProjects/Cucumber/src/test/resources/features/US1010_screenShot.feature:18)
]]>
        </failure>
    </testcase>
</testsuite>
